e:\work\proj\virtual_disk\build\virtual_disk\debug\vc141.pdb
e:\work\proj\virtual_disk\build\virtual_disk\debug\vc141.idb
e:\work\proj\virtual_disk\build\virtual_disk\debug\cmd_manager.obj
e:\work\proj\virtual_disk\build\virtual_disk\debug\cmd_save.obj
e:\work\proj\virtual_disk\build\virtual_disk\debug\cmd_ren.obj
e:\work\proj\virtual_disk\build\virtual_disk\debug\cmd_move.obj
e:\work\proj\virtual_disk\build\virtual_disk\debug\cmd_mklink.obj
e:\work\proj\virtual_disk\build\virtual_disk\debug\cmd_md.obj
e:\work\proj\virtual_disk\build\virtual_disk\debug\cmd_load.obj
e:\work\proj\virtual_disk\build\virtual_disk\debug\cmd_help.obj
e:\work\proj\virtual_disk\build\virtual_disk\debug\cmd_exit.obj
e:\work\proj\virtual_disk\build\virtual_disk\debug\cmd_dir.obj
e:\work\proj\virtual_disk\build\virtual_disk\debug\cmd_del.obj
e:\work\proj\virtual_disk\build\virtual_disk\debug\cmd_copy.obj
e:\work\proj\virtual_disk\build\virtual_disk\debug\cmd_cls.obj
e:\work\proj\virtual_disk\build\virtual_disk\debug\cmd_cd.obj
e:\work\proj\virtual_disk\build\virtual_disk\debug\cmd_base.obj
e:\work\proj\virtual_disk\build\virtual_disk\debug\client_parser.obj
e:\work\proj\virtual_disk\build\virtual_disk\debug\client_io.obj
e:\work\proj\virtual_disk\build\virtual_disk\debug\client_cmd_adaptor.obj
e:\work\proj\virtual_disk\build\virtual_disk\debug\errno.obj
e:\work\proj\virtual_disk\build\virtual_disk\debug\env.obj
e:\work\proj\virtual_disk\build\virtual_disk\debug\serialize.obj
e:\work\proj\virtual_disk\build\virtual_disk\debug\logger.obj
e:\work\proj\virtual_disk\build\virtual_disk\debug\deal_string.obj
e:\work\proj\virtual_disk\build\virtual_disk\debug\deal_file.obj
e:\work\proj\virtual_disk\build\virtual_disk\debug\date.obj
e:\work\proj\virtual_disk\build\virtual_disk\debug\start.obj
e:\work\proj\virtual_disk\build\virtual_disk\debug\handle_file_sys.obj
e:\work\proj\virtual_disk\build\virtual_disk\debug\handle_disk_mirror.obj
e:\work\proj\virtual_disk\build\virtual_disk\debug\handle_catalog.obj
e:\work\proj\virtual_disk\build\virtual_disk\debug\handle_aval_disk.obj
e:\work\proj\virtual_disk\build\debug\virtual_disk.exe
e:\work\proj\virtual_disk\build\debug\virtual_disk.ilk
e:\work\proj\virtual_disk\build\debug\virtual_disk.pdb
e:\work\proj\virtual_disk\build\virtual_disk\debug\virtual_disk.tlog\cl.command.1.tlog
e:\work\proj\virtual_disk\build\virtual_disk\debug\virtual_disk.tlog\cl.read.1.tlog
e:\work\proj\virtual_disk\build\virtual_disk\debug\virtual_disk.tlog\cl.write.1.tlog
e:\work\proj\virtual_disk\build\virtual_disk\debug\virtual_disk.tlog\link.command.1.tlog
e:\work\proj\virtual_disk\build\virtual_disk\debug\virtual_disk.tlog\link.read.1.tlog
e:\work\proj\virtual_disk\build\virtual_disk\debug\virtual_disk.tlog\link.write.1.tlog
